C:\projects\ProceduralContent\PCHarness\\TreeOrchard\x64\Release\TreeOrchard.exe
C:\projects\ProceduralContent\PCHarness\\TreeOrchard\x64\Release\TreeOrchard.exe.intermediate.manifest
C:\projects\ProceduralContent\PCHarness\\TreeOrchard\x64\Release\TreeOrchard.pdb
C:\PROJECTS\PROCEDURALCONTENT\PCHARNESS\TREEORCHARD\X64\RELEASE\CAMERA.OBJ
C:\projects\ProceduralContent\PCHarness\TreeOrchard\x64\Release\cl.command.1.tlog
C:\projects\ProceduralContent\PCHarness\TreeOrchard\x64\Release\CL.read.1.tlog
C:\projects\ProceduralContent\PCHarness\TreeOrchard\x64\Release\CL.write.1.tlog
C:\PROJECTS\PROCEDURALCONTENT\PCHARNESS\TREEORCHARD\X64\RELEASE\CSVLOGGER.OBJ
C:\PROJECTS\PROCEDURALCONTENT\PCHARNESS\TREEORCHARD\X64\RELEASE\EFFECTSMANAGER.OBJ
C:\PROJECTS\PROCEDURALCONTENT\PCHARNESS\TREEORCHARD\X64\RELEASE\HIGHPERFORMANCECOUNTER.OBJ
C:\PROJECTS\PROCEDURALCONTENT\PCHARNESS\TREEORCHARD\X64\RELEASE\INIFILEREADER.OBJ
C:\PROJECTS\PROCEDURALCONTENT\PCHARNESS\TREEORCHARD\X64\RELEASE\LIGHT.OBJ
C:\projects\ProceduralContent\PCHarness\TreeOrchard\x64\Release\link.command.1.tlog
C:\projects\ProceduralContent\PCHarness\TreeOrchard\x64\Release\link.read.1.tlog
C:\projects\ProceduralContent\PCHarness\TreeOrchard\x64\Release\link.write.1.tlog
C:\projects\ProceduralContent\PCHarness\TreeOrchard\x64\Release\mt.command.1.tlog
C:\projects\ProceduralContent\PCHarness\TreeOrchard\x64\Release\mt.read.1.tlog
C:\projects\ProceduralContent\PCHarness\TreeOrchard\x64\Release\mt.write.1.tlog
C:\PROJECTS\PROCEDURALCONTENT\PCHARNESS\TREEORCHARD\X64\RELEASE\RANDOMNUMBER.OBJ
C:\PROJECTS\PROCEDURALCONTENT\PCHARNESS\TREEORCHARD\X64\RELEASE\SCENEGRAPH.OBJ
C:\PROJECTS\PROCEDURALCONTENT\PCHARNESS\TREEORCHARD\X64\RELEASE\TEXTUREMANAGER.OBJ
C:\PROJECTS\PROCEDURALCONTENT\PCHARNESS\TREEORCHARD\X64\RELEASE\TREEORCHARD.EXE
C:\PROJECTS\PROCEDURALCONTENT\PCHARNESS\TREEORCHARD\X64\RELEASE\TREEORCHARD.EXE.INTERMEDIATE.MANIFEST
C:\PROJECTS\PROCEDURALCONTENT\PCHARNESS\TREEORCHARD\X64\RELEASE\TREEORCHARD.OBJ
C:\PROJECTS\PROCEDURALCONTENT\PCHARNESS\TREEORCHARD\X64\RELEASE\TREEORCHARD.PDB
C:\projects\ProceduralContent\PCHarness\TreeOrchard\x64\Release\TreeOrchard.write.1.tlog
C:\PROJECTS\PROCEDURALCONTENT\PCHARNESS\TREEORCHARD\X64\RELEASE\VC100.PDB
C:\PROJECTS\PROCEDURALCONTENT\PCHARNESS\TREEORCHARD\X64\RELEASE\VECTOR3.OBJ
