C:\projects\ProceduralContent\PCHarness\\TreeOrchard\x64\Debug\TreeOrchard.exe
C:\projects\ProceduralContent\PCHarness\\TreeOrchard\x64\Debug\TreeOrchard.exe.intermediate.manifest
C:\projects\ProceduralContent\PCHarness\\TreeOrchard\x64\Debug\TreeOrchard.ilk
C:\projects\ProceduralContent\PCHarness\\TreeOrchard\x64\Debug\TreeOrchard.pdb
C:\PROJECTS\PROCEDURALCONTENT\PCHARNESS\TREEORCHARD\X64\DEBUG\CAMERA.OBJ
C:\projects\ProceduralContent\PCHarness\TreeOrchard\x64\Debug\cl.command.1.tlog
C:\projects\ProceduralContent\PCHarness\TreeOrchard\x64\Debug\CL.read.1.tlog
C:\projects\ProceduralContent\PCHarness\TreeOrchard\x64\Debug\CL.write.1.tlog
C:\PROJECTS\PROCEDURALCONTENT\PCHARNESS\TREEORCHARD\X64\DEBUG\CSVLOGGER.OBJ
C:\PROJECTS\PROCEDURALCONTENT\PCHARNESS\TREEORCHARD\X64\DEBUG\EFFECTSMANAGER.OBJ
C:\PROJECTS\PROCEDURALCONTENT\PCHARNESS\TREEORCHARD\X64\DEBUG\HIGHPERFORMANCECOUNTER.OBJ
C:\PROJECTS\PROCEDURALCONTENT\PCHARNESS\TREEORCHARD\X64\DEBUG\INIFILEREADER.OBJ
C:\PROJECTS\PROCEDURALCONTENT\PCHARNESS\TREEORCHARD\X64\DEBUG\LIGHT.OBJ
C:\projects\ProceduralContent\PCHarness\TreeOrchard\x64\Debug\link.2632.read.1.tlog
C:\projects\ProceduralContent\PCHarness\TreeOrchard\x64\Debug\link.2632.write.1.tlog
C:\projects\ProceduralContent\PCHarness\TreeOrchard\x64\Debug\link.2632-cvtres.read.1.tlog
C:\projects\ProceduralContent\PCHarness\TreeOrchard\x64\Debug\link.2632-cvtres.write.1.tlog
C:\projects\ProceduralContent\PCHarness\TreeOrchard\x64\Debug\link.command.1.tlog
C:\projects\ProceduralContent\PCHarness\TreeOrchard\x64\Debug\link.read.1.tlog
C:\projects\ProceduralContent\PCHarness\TreeOrchard\x64\Debug\link.write.1.tlog
C:\projects\ProceduralContent\PCHarness\TreeOrchard\x64\Debug\link-cvtres.read.1.tlog
C:\projects\ProceduralContent\PCHarness\TreeOrchard\x64\Debug\link-cvtres.write.1.tlog
C:\projects\ProceduralContent\PCHarness\TreeOrchard\x64\Debug\mt.command.1.tlog
C:\projects\ProceduralContent\PCHarness\TreeOrchard\x64\Debug\mt.read.1.tlog
C:\projects\ProceduralContent\PCHarness\TreeOrchard\x64\Debug\mt.write.1.tlog
C:\PROJECTS\PROCEDURALCONTENT\PCHARNESS\TREEORCHARD\X64\DEBUG\RANDOMNUMBER.OBJ
C:\projects\ProceduralContent\PCHarness\TreeOrchard\x64\Debug\rc.command.1.tlog
C:\projects\ProceduralContent\PCHarness\TreeOrchard\x64\Debug\rc.read.1.tlog
C:\projects\ProceduralContent\PCHarness\TreeOrchard\x64\Debug\rc.write.1.tlog
C:\PROJECTS\PROCEDURALCONTENT\PCHARNESS\TREEORCHARD\X64\DEBUG\SCENEGRAPH.OBJ
C:\PROJECTS\PROCEDURALCONTENT\PCHARNESS\TREEORCHARD\X64\DEBUG\TEXTUREMANAGER.OBJ
C:\PROJECTS\PROCEDURALCONTENT\PCHARNESS\TREEORCHARD\X64\DEBUG\TREEORCHARD.EXE
C:\PROJECTS\PROCEDURALCONTENT\PCHARNESS\TREEORCHARD\X64\DEBUG\TREEORCHARD.EXE.EMBED.MANIFEST
C:\PROJECTS\PROCEDURALCONTENT\PCHARNESS\TREEORCHARD\X64\DEBUG\TREEORCHARD.EXE.EMBED.MANIFEST.RES
C:\PROJECTS\PROCEDURALCONTENT\PCHARNESS\TREEORCHARD\X64\DEBUG\TREEORCHARD.EXE.INTERMEDIATE.MANIFEST
C:\PROJECTS\PROCEDURALCONTENT\PCHARNESS\TREEORCHARD\X64\DEBUG\TREEORCHARD.ILK
C:\PROJECTS\PROCEDURALCONTENT\PCHARNESS\TREEORCHARD\X64\DEBUG\TREEORCHARD.OBJ
C:\PROJECTS\PROCEDURALCONTENT\PCHARNESS\TREEORCHARD\X64\DEBUG\TREEORCHARD.PDB
C:\projects\ProceduralContent\PCHarness\TreeOrchard\x64\Debug\TreeOrchard.write.1.tlog
C:\projects\ProceduralContent\PCHarness\TreeOrchard\x64\Debug\TreeOrchard_manifest.rc
C:\projects\ProceduralContent\PCHarness\TreeOrchard\x64\Debug\vc100.idb
C:\PROJECTS\PROCEDURALCONTENT\PCHARNESS\TREEORCHARD\X64\DEBUG\VC100.PDB
C:\PROJECTS\PROCEDURALCONTENT\PCHARNESS\TREEORCHARD\X64\DEBUG\VECTOR3.OBJ
